<?xml version="1.0" encoding="UTF-8"?>
<robot generator="Robot 3.2.2 (Python 3.8.3 on darwin)" generated="20201026 14:31:19.675" rpa="false">
<suite id="s1" name="Test2" source="/Users/wuzhonghui/PycharmProjects/RobotFramework/day1/test2.robot">
<test id="s1-t1" name="case1">
<kw name="Open Browser" library="SeleniumLibrary">
<doc>Opens a new browser instance to the optional ``url``.</doc>
<arguments>
<arg>http://baidu.com</arg>
<arg>chrome</arg>
</arguments>
<msg timestamp="20201026 14:31:19.935" level="INFO">Opening browser 'chrome' to base url 'http://baidu.com'.</msg>
<status status="PASS" starttime="20201026 14:31:19.935" endtime="20201026 14:31:23.842"></status>
</kw>
<kw name="Set Selenium Implicit Wait" library="SeleniumLibrary">
<doc>Sets the implicit wait value used by Selenium.</doc>
<arguments>
<arg>10</arg>
</arguments>
<status status="PASS" starttime="20201026 14:31:23.843" endtime="20201026 14:31:23.846"></status>
</kw>
<kw name="Input Text" library="SeleniumLibrary">
<doc>Types the given ``text`` into the text field identified by ``locator``.</doc>
<arguments>
<arg>id=kw</arg>
<arg>松勤\n</arg>
</arguments>
<msg timestamp="20201026 14:31:23.847" level="INFO">Typing text '松勤
' into text field 'id=kw'.</msg>
<status status="PASS" starttime="20201026 14:31:23.846" endtime="20201026 14:31:24.114"></status>
</kw>
<kw name="Get Text" library="SeleniumLibrary">
<doc>Returns the text value of the element identified by ``locator``.</doc>
<arguments>
<arg>id=1</arg>
</arguments>
<assign>
<var>${res}</var>
</assign>
<msg timestamp="20201026 14:31:24.750" level="INFO">${res} = 松勤网 - 松勤软件测试-软件测试在线教育领跑者-国内最专...
松勤是一家专注于软件测试技能培训的在线教育机构。目前已开设软件测试相关课程100余门,涵盖软件测试基础、自动化测试、性能测试、安全测试、接口测试、认证考试、职场...
www.songqinnet.com/百度快照</msg>
<status status="PASS" starttime="20201026 14:31:24.115" endtime="20201026 14:31:24.750"></status>
</kw>
<kw name="Should Contain" library="BuiltIn">
<doc>Fails if ``container`` does not contain ``item`` one or more times.</doc>
<arguments>
<arg>${res}</arg>
<arg>松勤网</arg>
</arguments>
<status status="PASS" starttime="20201026 14:31:24.750" endtime="20201026 14:31:24.751"></status>
</kw>
<kw name="Close Browser" library="SeleniumLibrary">
<doc>Closes the current browser.</doc>
<status status="PASS" starttime="20201026 14:31:24.751" endtime="20201026 14:31:24.918"></status>
</kw>
<status status="PASS" starttime="20201026 14:31:19.934" endtime="20201026 14:31:24.919" critical="yes"></status>
</test>
<test id="s1-t2" name="case2">
<kw name="Log To Console" library="BuiltIn">
<doc>Logs the given message to the console.</doc>
<arguments>
<arg>case2</arg>
</arguments>
<status status="PASS" starttime="20201026 14:31:24.923" endtime="20201026 14:31:24.924"></status>
</kw>
<doc>用例描述--做什么测试的</doc>
<tags>
<tag>比如： 冒烟测试，回归测试等</tag>
</tags>
<status status="PASS" starttime="20201026 14:31:24.921" endtime="20201026 14:31:24.925" critical="yes"></status>
</test>
<test id="s1-t3" name="case3">
<kw name="Courses" library="testCourses">
<assign>
<var>${course}</var>
</assign>
<msg timestamp="20201026 14:31:24.928" level="INFO">${course} = 12345689</msg>
<status status="PASS" starttime="20201026 14:31:24.927" endtime="20201026 14:31:24.928"></status>
</kw>
<kw name="Log To Console" library="BuiltIn">
<doc>Logs the given message to the console.</doc>
<arguments>
<arg>${course}</arg>
</arguments>
<status status="PASS" starttime="20201026 14:31:24.928" endtime="20201026 14:31:24.928"></status>
</kw>
<doc>引用自己写的函数</doc>
<status status="PASS" starttime="20201026 14:31:24.926" endtime="20201026 14:31:24.929" critical="yes"></status>
</test>
<status status="PASS" starttime="20201026 14:31:19.678" endtime="20201026 14:31:24.931"></status>
</suite>
<statistics>
<total>
<stat pass="3" fail="0">Critical Tests</stat>
<stat pass="3" fail="0">All Tests</stat>
</total>
<tag>
<stat pass="1" fail="0">比如： 冒烟测试，回归测试等</stat>
</tag>
<suite>
<stat pass="3" fail="0" id="s1" name="Test2">Test2</stat>
</suite>
</statistics>
<errors>
</errors>
</robot>
