<?xml version="1.0" encoding="UTF-8"?>
<robot generator="Robot 3.2.2 (Python 3.8.3 on darwin)" generated="20201027 15:45:18.389" rpa="false">
<suite id="s1" name="Test2" source="/Users/wuzhonghui/PycharmProjects/RobotFramework/day1/test2.robot">
<test id="s1-t1" name="case3">
<kw name="Courses" library="testCourses">
<assign>
<var>${course}</var>
</assign>
<msg timestamp="20201027 15:45:18.751" level="INFO">${course} = 12345689</msg>
<status status="PASS" starttime="20201027 15:45:18.750" endtime="20201027 15:45:18.751"></status>
</kw>
<kw name="Log To Console" library="BuiltIn">
<doc>Logs the given message to the console.</doc>
<arguments>
<arg>${course}</arg>
</arguments>
<status status="PASS" starttime="20201027 15:45:18.751" endtime="20201027 15:45:18.751"></status>
</kw>
<doc>引用自己写的函数</doc>
<status status="PASS" starttime="20201027 15:45:18.749" endtime="20201027 15:45:18.751" critical="yes"></status>
</test>
<status status="PASS" starttime="20201027 15:45:18.390" endtime="20201027 15:45:18.752"></status>
</suite>
<statistics>
<total>
<stat pass="1" fail="0">Critical Tests</stat>
<stat pass="1" fail="0">All Tests</stat>
</total>
<tag>
</tag>
<suite>
<stat pass="1" fail="0" id="s1" name="Test2">Test2</stat>
</suite>
</statistics>
<errors>
</errors>
</robot>
