<?xml version="1.0" encoding="UTF-8"?>
<robot generator="Robot 3.2.2 (Python 3.8.3 on darwin)" generated="20201111 14:51:23.378" rpa="false">
<suite id="s1" name="Test2" source="/Users/wuzhonghui/PycharmProjects/RobotFramework/day4/test2.robot">
<test id="s1-t1" name="deleteAllCourse">
<status status="FAIL" starttime="20201111 14:51:23.410" endtime="20201111 14:51:23.410" critical="yes">Test case contains no keywords.</status>
</test>
<status status="FAIL" starttime="20201111 14:51:23.379" endtime="20201111 14:51:23.411"></status>
</suite>
<statistics>
<total>
<stat pass="0" fail="1">Critical Tests</stat>
<stat pass="0" fail="1">All Tests</stat>
</total>
<tag>
</tag>
<suite>
<stat pass="0" fail="1" id="s1" name="Test2">Test2</stat>
</suite>
</statistics>
<errors>
<msg timestamp="20201111 14:51:23.409" level="ERROR">Error in file '/Users/wuzhonghui/PycharmProjects/RobotFramework/day4/test2.robot' on line 2: Importing test library '../day3/lib' failed: ModuleNotFoundError: No module named '.'
Traceback (most recent call last):
  None
PYTHONPATH:
  /Users/wuzhonghui/PycharmProjects/RobotFramework/day4
  /Library/Frameworks/Python.framework/Versions/3.8/bin
  /Library/Frameworks/Python.framework/Versions/3.8/lib/python38.zip
  /Library/Frameworks/Python.framework/Versions/3.8/lib/python3.8
  /Library/Frameworks/Python.framework/Versions/3.8/lib/python3.8/lib-dynload
  /Library/Frameworks/Python.framework/Versions/3.8/lib/python3.8/site-packages</msg>
</errors>
</robot>
