<?xml version="1.0" encoding="UTF-8"?>
<robot generator="Robot 3.2.2 (Python 3.8.3 on darwin)" generated="20201030 18:37:53.510" rpa="false">
<suite id="s1" name="Work" source="/Users/wuzhonghui/PycharmProjects/RobotFramework/day3/work.robot">
<kw name="Delete Course" library="lib" type="setup">
<msg timestamp="20201030 18:37:53.685" level="INFO">本次共删除了 0 条数据</msg>
<status status="PASS" starttime="20201030 18:37:53.675" endtime="20201030 18:37:53.685"></status>
</kw>
<test id="s1-t1" name="case1">
<kw name="Log To Console" library="BuiltIn">
<doc>Logs the given message to the console.</doc>
<arguments>
<arg>111</arg>
</arguments>
<status status="PASS" starttime="20201030 18:37:53.686" endtime="20201030 18:37:53.686"></status>
</kw>
<status status="PASS" starttime="20201030 18:37:53.685" endtime="20201030 18:37:53.686" critical="yes"></status>
</test>
<kw name="Delete Course" library="lib" type="teardown">
<msg timestamp="20201030 18:37:53.696" level="INFO">本次共删除了 0 条数据</msg>
<status status="PASS" starttime="20201030 18:37:53.687" endtime="20201030 18:37:53.698"></status>
</kw>
<status status="PASS" starttime="20201030 18:37:53.512" endtime="20201030 18:37:53.699"></status>
</suite>
<statistics>
<total>
<stat pass="1" fail="0">Critical Tests</stat>
<stat pass="1" fail="0">All Tests</stat>
</total>
<tag>
</tag>
<suite>
<stat pass="1" fail="0" id="s1" name="Work">Work</stat>
</suite>
</statistics>
<errors>
</errors>
</robot>
