<?xml version="1.0" encoding="UTF-8"?>
<robot generator="Robot 3.2.2 (Python 3.8.3 on darwin)" generated="20201109 18:27:44.756" rpa="false">
<suite id="s1" name="Work" source="/Users/wuzhonghui/PycharmProjects/RobotFramework/day3/work.robot">
<kw name="Delete Course" library="lib" type="setup">
<msg timestamp="20201109 18:27:44.957" level="INFO">本次共删除了 1 条数据</msg>
<status status="PASS" starttime="20201109 18:27:44.929" endtime="20201109 18:27:44.958"></status>
</kw>
<test id="s1-t1" name="case1">
<kw name="Lists" library="lib">
<arguments>
<arg>1</arg>
<arg>60</arg>
</arguments>
<assign>
<var>${listCourse}</var>
</assign>
<msg timestamp="20201109 18:27:44.968" level="INFO">${listCourse} = []</msg>
<status status="PASS" starttime="20201109 18:27:44.958" endtime="20201109 18:27:44.968"></status>
</kw>
<kw name="Create List" library="BuiltIn">
<doc>Returns a list containing given items.</doc>
<assign>
<var>${dict}</var>
</assign>
<msg timestamp="20201109 18:27:44.969" level="INFO">${dict} = []</msg>
<status status="PASS" starttime="20201109 18:27:44.968" endtime="20201109 18:27:44.969"></status>
</kw>
<kw name="Run Keyword If" library="BuiltIn">
<doc>Runs the given keyword with the given arguments, if ``condition`` is true.</doc>
<arguments>
<arg>${dict}==${listCourse}</arg>
<arg>log to console</arg>
<arg>系统中没有课程，初始化成功</arg>
<arg>ELSE</arg>
<arg>log to console</arg>
<arg>初始化失败，请检查代码</arg>
</arguments>
<kw name="Log To Console" library="BuiltIn">
<doc>Logs the given message to the console.</doc>
<arguments>
<arg>系统中没有课程，初始化成功</arg>
</arguments>
<status status="PASS" starttime="20201109 18:27:44.970" endtime="20201109 18:27:44.970"></status>
</kw>
<status status="PASS" starttime="20201109 18:27:44.969" endtime="20201109 18:27:44.970"></status>
</kw>
<kw name="Get Value From User" library="Dialogs">
<doc>Pauses test execution and asks user to input a value.</doc>
<arguments>
<arg>请输入课程名，输入 q 则退出程序</arg>
</arguments>
<assign>
<var>${course}</var>
</assign>
<msg timestamp="20201109 18:27:51.145" level="INFO">${course} = q</msg>
<status status="PASS" starttime="20201109 18:27:44.971" endtime="20201109 18:27:51.145"></status>
</kw>
<kw name="Run Keyword If" library="BuiltIn">
<doc>Runs the given keyword with the given arguments, if ``condition`` is true.</doc>
<arguments>
<arg>'q'==$course</arg>
<arg>exit for loop</arg>
</arguments>
<kw name="Exit For Loop" library="BuiltIn">
<doc>Stops executing the enclosing for loop.</doc>
<msg timestamp="20201109 18:27:51.154" level="INFO">Exiting for loop altogether.</msg>
<status status="PASS" starttime="20201109 18:27:51.154" endtime="20201109 18:27:51.155"></status>
</kw>
<status status="PASS" starttime="20201109 18:27:51.146" endtime="20201109 18:27:51.155"></status>
</kw>
<status status="FAIL" starttime="20201109 18:27:44.958" endtime="20201109 18:27:51.155" critical="yes">Invalid 'Exit For Loop' usage.</status>
</test>
<status status="FAIL" starttime="20201109 18:27:44.758" endtime="20201109 18:27:51.156"></status>
</suite>
<statistics>
<total>
<stat pass="0" fail="1">Critical Tests</stat>
<stat pass="0" fail="1">All Tests</stat>
</total>
<tag>
</tag>
<suite>
<stat pass="0" fail="1" id="s1" name="Work">Work</stat>
</suite>
</statistics>
<errors>
</errors>
</robot>
