<?xml version="1.0" encoding="UTF-8"?>
<robot generator="Robot 3.2.2 (Python 3.8.3 on darwin)" generated="20201029 18:18:07.821" rpa="false">
<suite id="s1" name="条件表达式" source="/Users/wuzhonghui/PycharmProjects/RobotFramework/day3/条件表达式.robot">
<test id="s1-t1" name="case1">
<kw name="Drivers" library="test2">
<assign>
<var>${d}</var>
</assign>
<msg timestamp="20201029 18:18:11.197" level="INFO">${d} = &lt;selenium.webdriver.chrome.webdriver.WebDriver (session="a09fe8de50bc24f16ab15159b8d3ca83")&gt;</msg>
<status status="PASS" starttime="20201029 18:18:07.993" endtime="20201029 18:18:11.198"></status>
</kw>
<kw name="Evaluate" library="BuiltIn">
<doc>Evaluates the given expression in Python and returns the result.</doc>
<arguments>
<arg>$d.get('http://www.baidu.com')</arg>
</arguments>
<status status="PASS" starttime="20201029 18:18:11.198" endtime="20201029 18:18:12.211"></status>
</kw>
<status status="PASS" starttime="20201029 18:18:07.993" endtime="20201029 18:18:12.211" critical="yes"></status>
</test>
<status status="PASS" starttime="20201029 18:18:07.823" endtime="20201029 18:18:12.215"></status>
</suite>
<statistics>
<total>
<stat pass="1" fail="0">Critical Tests</stat>
<stat pass="1" fail="0">All Tests</stat>
</total>
<tag>
</tag>
<suite>
<stat pass="1" fail="0" id="s1" name="条件表达式">条件表达式</stat>
</suite>
</statistics>
<errors>
</errors>
</robot>
