<?xml version="1.0" encoding="UTF-8"?>
<robot generator="Robot 3.2.2 (Python 3.8.3 on darwin)" generated="20201113 10:58:54.797" rpa="false">
<suite id="s1" name="Test1" source="/Users/wuzhonghui/PycharmProjects/RobotFramework/day5/test1.robot">
<test id="s1-t1" name="cs1">
<kw name="Msg" library="lib.test">
<assign>
<var>${i}</var>
</assign>
<msg timestamp="20201113 10:58:54.835" level="INFO">${i} = 1111</msg>
<status status="PASS" starttime="20201113 10:58:54.835" endtime="20201113 10:58:54.835"></status>
</kw>
<kw name="Log To Console" library="BuiltIn">
<doc>Logs the given message to the console.</doc>
<arguments>
<arg>${i}</arg>
</arguments>
<status status="PASS" starttime="20201113 10:58:54.835" endtime="20201113 10:58:54.836"></status>
</kw>
<status status="PASS" starttime="20201113 10:58:54.834" endtime="20201113 10:58:54.836" critical="yes"></status>
</test>
<status status="PASS" starttime="20201113 10:58:54.799" endtime="20201113 10:58:54.837"></status>
</suite>
<statistics>
<total>
<stat pass="1" fail="0">Critical Tests</stat>
<stat pass="1" fail="0">All Tests</stat>
</total>
<tag>
</tag>
<suite>
<stat pass="1" fail="0" id="s1" name="Test1">Test1</stat>
</suite>
</statistics>
<errors>
</errors>
</robot>
