<?xml version="1.0" encoding="UTF-8"?>
<robot generator="Robot 3.2.2 (Python 3.8.3 on darwin)" generated="20201027 17:56:56.829" rpa="false">
<suite id="s1" name="Keyword" source="/Users/wuzhonghui/PycharmProjects/RobotFramework/day2/keyword.robot">
<test id="s1-t1" name="常用关键字1">
<kw name="Log" library="BuiltIn">
<doc>Logs the given message with the given level.</doc>
<arguments>
<arg>hello</arg>
</arguments>
<msg timestamp="20201027 17:56:56.863" level="INFO">hello</msg>
<status status="PASS" starttime="20201027 17:56:56.863" endtime="20201027 17:56:56.863"></status>
</kw>
<kw name="Log To Console" library="BuiltIn">
<doc>Logs the given message to the console.</doc>
<arguments>
<arg>hello world</arg>
</arguments>
<status status="PASS" starttime="20201027 17:56:56.863" endtime="20201027 17:56:56.864"></status>
</kw>
<kw name="Log Many" library="BuiltIn">
<doc>Logs the given messages as separate entries using the INFO level.</doc>
<arguments>
<arg>我\ 不</arg>
<arg>是</arg>
<arg>谁</arg>
</arguments>
<msg timestamp="20201027 17:56:56.864" level="INFO">我 不</msg>
<msg timestamp="20201027 17:56:56.864" level="INFO">是</msg>
<msg timestamp="20201027 17:56:56.864" level="INFO">谁</msg>
<status status="PASS" starttime="20201027 17:56:56.864" endtime="20201027 17:56:56.864"></status>
</kw>
<status status="PASS" starttime="20201027 17:56:56.861" endtime="20201027 17:56:56.865" critical="yes"></status>
</test>
<test id="s1-t2" name="传递参数2">
<kw name="Set Variable" library="BuiltIn">
<doc>Returns the given values which can then be assigned to a variables.</doc>
<arguments>
<arg>2020</arg>
</arguments>
<assign>
<var>${var1}</var>
</assign>
<msg timestamp="20201027 17:56:56.866" level="INFO">${var1} = 2020</msg>
<status status="PASS" starttime="20201027 17:56:56.866" endtime="20201027 17:56:56.866"></status>
</kw>
<kw name="Convert To Number" library="BuiltIn">
<doc>Converts the given item to a floating point number.</doc>
<arguments>
<arg>1111</arg>
</arguments>
<assign>
<var>${num}</var>
</assign>
<msg timestamp="20201027 17:56:56.867" level="INFO">${num} = 1111.0</msg>
<status status="PASS" starttime="20201027 17:56:56.866" endtime="20201027 17:56:56.867"></status>
</kw>
<kw name="Convert To Integer" library="BuiltIn">
<doc>Converts the given item to an integer number.</doc>
<arguments>
<arg>1123</arg>
</arguments>
<assign>
<var>${int}</var>
</assign>
<msg timestamp="20201027 17:56:56.867" level="INFO">${int} = 1123</msg>
<status status="PASS" starttime="20201027 17:56:56.867" endtime="20201027 17:56:56.867"></status>
</kw>
<kw name="Get Type" library="testlib">
<arguments>
<arg>${num}</arg>
</arguments>
<assign>
<var>${type}</var>
</assign>
<msg timestamp="20201027 17:56:56.868" level="INFO">${type} = &lt;class 'float'&gt;</msg>
<status status="PASS" starttime="20201027 17:56:56.867" endtime="20201027 17:56:56.868"></status>
</kw>
<kw name="Get Sum" library="testlib">
<arguments>
<arg>${num}</arg>
</arguments>
<assign>
<var>${sum}</var>
</assign>
<msg timestamp="20201027 17:56:56.868" level="INFO">${sum} = 1121.0</msg>
<status status="PASS" starttime="20201027 17:56:56.868" endtime="20201027 17:56:56.868"></status>
</kw>
<kw name="Log To Console" library="BuiltIn">
<doc>Logs the given message to the console.</doc>
<arguments>
<arg>${type}</arg>
</arguments>
<status status="PASS" starttime="20201027 17:56:56.868" endtime="20201027 17:56:56.868"></status>
</kw>
<kw name="Log To Console" library="BuiltIn">
<doc>Logs the given message to the console.</doc>
<arguments>
<arg>${sum}</arg>
</arguments>
<status status="PASS" starttime="20201027 17:56:56.868" endtime="20201027 17:56:56.869"></status>
</kw>
<status status="PASS" starttime="20201027 17:56:56.865" endtime="20201027 17:56:56.869" critical="yes"></status>
</test>
<test id="s1-t3" name="常用关键字3--断言">
<kw name="Set Variable" library="BuiltIn">
<doc>Returns the given values which can then be assigned to a variables.</doc>
<arguments>
<arg>hello</arg>
</arguments>
<assign>
<var>${msg}</var>
</assign>
<msg timestamp="20201027 17:56:56.871" level="INFO">${msg} = hello</msg>
<status status="PASS" starttime="20201027 17:56:56.870" endtime="20201027 17:56:56.871"></status>
</kw>
<kw name="Should Be True" library="BuiltIn">
<doc>Fails if the given condition is not true.</doc>
<arguments>
<arg>'hello'==$msg</arg>
</arguments>
<status status="PASS" starttime="20201027 17:56:56.871" endtime="20201027 17:56:56.880"></status>
</kw>
<kw name="Should Be True" library="BuiltIn">
<doc>Fails if the given condition is not true.</doc>
<arguments>
<arg>'hel' in 'hello'</arg>
</arguments>
<status status="PASS" starttime="20201027 17:56:56.880" endtime="20201027 17:56:56.881"></status>
</kw>
<status status="PASS" starttime="20201027 17:56:56.869" endtime="20201027 17:56:56.881" critical="yes"></status>
</test>
<status status="PASS" starttime="20201027 17:56:56.831" endtime="20201027 17:56:56.882"></status>
</suite>
<statistics>
<total>
<stat pass="3" fail="0">Critical Tests</stat>
<stat pass="3" fail="0">All Tests</stat>
</total>
<tag>
</tag>
<suite>
<stat pass="3" fail="0" id="s1" name="Keyword">Keyword</stat>
</suite>
</statistics>
<errors>
</errors>
</robot>
