<?xml version="1.0" encoding="UTF-8"?>
<robot generator="Robot 3.2.2 (Python 3.8.3 on darwin)" generated="20201028 18:41:11.396" rpa="false">
<suite id="s1" name="CustomKeywords" source="/Users/wuzhonghui/PycharmProjects/RobotFramework/day2/CustomKeywords.robot">
<test id="s1-t1" name="循环2">
<kw name="${q} IN RANGE [ 1 | 11 ]" type="for">
<kw name="${q} = 1" type="foritem">
<kw name="Log To Console" library="BuiltIn">
<doc>Logs the given message to the console.</doc>
<arguments>
<arg>${q}</arg>
</arguments>
<status status="PASS" starttime="20201028 18:41:11.493" endtime="20201028 18:41:11.494"></status>
</kw>
<status status="PASS" starttime="20201028 18:41:11.493" endtime="20201028 18:41:11.494"></status>
</kw>
<kw name="${q} = 2" type="foritem">
<kw name="Log To Console" library="BuiltIn">
<doc>Logs the given message to the console.</doc>
<arguments>
<arg>${q}</arg>
</arguments>
<status status="PASS" starttime="20201028 18:41:11.494" endtime="20201028 18:41:11.494"></status>
</kw>
<status status="PASS" starttime="20201028 18:41:11.494" endtime="20201028 18:41:11.494"></status>
</kw>
<kw name="${q} = 3" type="foritem">
<kw name="Log To Console" library="BuiltIn">
<doc>Logs the given message to the console.</doc>
<arguments>
<arg>${q}</arg>
</arguments>
<status status="PASS" starttime="20201028 18:41:11.495" endtime="20201028 18:41:11.495"></status>
</kw>
<status status="PASS" starttime="20201028 18:41:11.495" endtime="20201028 18:41:11.495"></status>
</kw>
<kw name="${q} = 4" type="foritem">
<kw name="Log To Console" library="BuiltIn">
<doc>Logs the given message to the console.</doc>
<arguments>
<arg>${q}</arg>
</arguments>
<status status="PASS" starttime="20201028 18:41:11.495" endtime="20201028 18:41:11.495"></status>
</kw>
<status status="PASS" starttime="20201028 18:41:11.495" endtime="20201028 18:41:11.495"></status>
</kw>
<kw name="${q} = 5" type="foritem">
<kw name="Log To Console" library="BuiltIn">
<doc>Logs the given message to the console.</doc>
<arguments>
<arg>${q}</arg>
</arguments>
<status status="PASS" starttime="20201028 18:41:11.495" endtime="20201028 18:41:11.496"></status>
</kw>
<status status="PASS" starttime="20201028 18:41:11.495" endtime="20201028 18:41:11.496"></status>
</kw>
<kw name="${q} = 6" type="foritem">
<kw name="Log To Console" library="BuiltIn">
<doc>Logs the given message to the console.</doc>
<arguments>
<arg>${q}</arg>
</arguments>
<status status="PASS" starttime="20201028 18:41:11.496" endtime="20201028 18:41:11.496"></status>
</kw>
<status status="PASS" starttime="20201028 18:41:11.496" endtime="20201028 18:41:11.496"></status>
</kw>
<kw name="${q} = 7" type="foritem">
<kw name="Log To Console" library="BuiltIn">
<doc>Logs the given message to the console.</doc>
<arguments>
<arg>${q}</arg>
</arguments>
<status status="PASS" starttime="20201028 18:41:11.496" endtime="20201028 18:41:11.497"></status>
</kw>
<status status="PASS" starttime="20201028 18:41:11.496" endtime="20201028 18:41:11.497"></status>
</kw>
<kw name="${q} = 8" type="foritem">
<kw name="Log To Console" library="BuiltIn">
<doc>Logs the given message to the console.</doc>
<arguments>
<arg>${q}</arg>
</arguments>
<status status="PASS" starttime="20201028 18:41:11.497" endtime="20201028 18:41:11.497"></status>
</kw>
<status status="PASS" starttime="20201028 18:41:11.497" endtime="20201028 18:41:11.497"></status>
</kw>
<kw name="${q} = 9" type="foritem">
<kw name="Log To Console" library="BuiltIn">
<doc>Logs the given message to the console.</doc>
<arguments>
<arg>${q}</arg>
</arguments>
<status status="PASS" starttime="20201028 18:41:11.497" endtime="20201028 18:41:11.497"></status>
</kw>
<status status="PASS" starttime="20201028 18:41:11.497" endtime="20201028 18:41:11.497"></status>
</kw>
<kw name="${q} = 10" type="foritem">
<kw name="Log To Console" library="BuiltIn">
<doc>Logs the given message to the console.</doc>
<arguments>
<arg>${q}</arg>
</arguments>
<status status="PASS" starttime="20201028 18:41:11.498" endtime="20201028 18:41:11.498"></status>
</kw>
<status status="PASS" starttime="20201028 18:41:11.498" endtime="20201028 18:41:11.498"></status>
</kw>
<status status="PASS" starttime="20201028 18:41:11.493" endtime="20201028 18:41:11.498"></status>
</kw>
<status status="PASS" starttime="20201028 18:41:11.492" endtime="20201028 18:41:11.498" critical="yes"></status>
</test>
<status status="PASS" starttime="20201028 18:41:11.400" endtime="20201028 18:41:11.499"></status>
</suite>
<statistics>
<total>
<stat pass="1" fail="0">Critical Tests</stat>
<stat pass="1" fail="0">All Tests</stat>
</total>
<tag>
</tag>
<suite>
<stat pass="1" fail="0" id="s1" name="CustomKeywords">CustomKeywords</stat>
</suite>
</statistics>
<errors>
</errors>
</robot>
